Using pre-set license
Built from '2020.3/staging' branch; Version is '2020.3.19f1 (68f137dc9bbe) revision 6877495'; Using compiler version '192528614'; Build Type 'Release'
OS: 'Windows 10 Home; OS build 19044.1466; Version 2009; 64bit' Language: 'en' Physical Memory: 16300 MB
BatchMode: 1, IsHumanControllingUs: 0, StartBugReporterOnCrash: 0, Is64bit: 1, IsPro: 0

COMMAND LINE ARGUMENTS:
C:\Program Files\Unity\Hub\Editor\2020.3.19f1\Editor\Unity.exe
-adb2
-batchMode
-noUpm
-name
AssetImportWorker0
-projectPath
D:/Desktop/Work/GitHub/License Please/License-Please
-logFile
Logs/AssetImportWorker0.log
-srvPort
60509
Successfully changed project path to: D:/Desktop/Work/GitHub/License Please/License-Please
D:/Desktop/Work/GitHub/License Please/License-Please
Using Asset Import Pipeline V2.
Refreshing native plugins compatible for Editor in 54.19 ms, found 2 plugins.
Preloading 0 native plugins for Editor in 0.00 ms.
Initialize engine version: 2020.3.19f1 (68f137dc9bbe)
[Subsystems] Discovering subsystems at path C:/Program Files/Unity/Hub/Editor/2020.3.19f1/Editor/Data/Resources/UnitySubsystems
[Subsystems] Discovering subsystems at path D:/Desktop/Work/GitHub/License Please/License-Please/Assets
GfxDevice: creating device client; threaded=0
Direct3D:
    Version:  Direct3D 11.0 [level 11.1]
    Renderer: NVIDIA GeForce RTX 2080 SUPER (ID=0x1e81)
    Vendor:   
    VRAM:     8010 MB
    Driver:   30.0.15.1123
Initialize mono
Mono path[0] = 'C:/Program Files/Unity/Hub/Editor/2020.3.19f1/Editor/Data/Managed'
Mono path[1] = 'C:/Program Files/Unity/Hub/Editor/2020.3.19f1/Editor/Data/MonoBleedingEdge/lib/mono/unityjit'
Mono config path = 'C:/Program Files/Unity/Hub/Editor/2020.3.19f1/Editor/Data/MonoBleedingEdge/etc'
Using monoOptions --debugger-agent=transport=dt_socket,embedding=1,server=y,suspend=n,address=127.0.0.1:56252
Begin MonoManager ReloadAssembly
Registering precompiled unity dll's ...
Register platform support module: C:/Program Files/Unity/Hub/Editor/2020.3.19f1/Editor/Data/PlaybackEngines/MacStandaloneSupport/UnityEditor.OSXStandalone.Extensions.dll
Register platform support module: C:/Program Files/Unity/Hub/Editor/2020.3.19f1/Editor/Data/PlaybackEngines/WindowsStandaloneSupport/UnityEditor.WindowsStandalone.Extensions.dll
Registered in 0.001867 seconds.
Native extension for WindowsStandalone target not found
Native extension for OSXStandalone target not found
Refreshing native plugins compatible for Editor in 46.40 ms, found 2 plugins.
Preloading 0 native plugins for Editor in 0.00 ms.
Mono: successfully reloaded assembly
- Completed reload, in  1.735 seconds
Domain Reload Profiling:
	ReloadAssembly (1735ms)
		BeginReloadAssembly (41ms)
			ExecutionOrderSort (0ms)
			DisableScriptedObjects (0ms)
			BackupInstance (0ms)
			ReleaseScriptingObjects (0ms)
			CreateAndSetChildDomain (1ms)
		EndReloadAssembly (343ms)
			LoadAssemblies (40ms)
			RebuildTransferFunctionScriptingTraits (0ms)
			SetupTypeCache (119ms)
			ReleaseScriptCaches (0ms)
			RebuildScriptCaches (23ms)
			SetupLoadedEditorAssemblies (145ms)
				LogAssemblyErrors (0ms)
				InitializePlatformSupportModulesInManaged (4ms)
				SetLoadedEditorAssemblies (0ms)
				RefreshPlugins (46ms)
				BeforeProcessingInitializeOnLoad (13ms)
				ProcessInitializeOnLoadAttributes (59ms)
				ProcessInitializeOnLoadMethodAttributes (22ms)
				AfterProcessingInitializeOnLoad (0ms)
				EditorAssembliesLoaded (0ms)
			ExecutionOrderSort2 (0ms)
			AwakeInstancesAfterBackupRestoration (0ms)
Platform modules already initialized, skipping
Registering precompiled user dll's ...
Registered in 0.004994 seconds.
Begin MonoManager ReloadAssembly
Native extension for WindowsStandalone target not found
Native extension for OSXStandalone target not found
Refreshing native plugins compatible for Editor in 45.90 ms, found 2 plugins.
Preloading 0 native plugins for Editor in 0.00 ms.
Mono: successfully reloaded assembly
- Completed reload, in  0.890 seconds
Domain Reload Profiling:
	ReloadAssembly (891ms)
		BeginReloadAssembly (111ms)
			ExecutionOrderSort (0ms)
			DisableScriptedObjects (3ms)
			BackupInstance (0ms)
			ReleaseScriptingObjects (0ms)
			CreateAndSetChildDomain (14ms)
		EndReloadAssembly (732ms)
			LoadAssemblies (70ms)
			RebuildTransferFunctionScriptingTraits (0ms)
			SetupTypeCache (219ms)
			ReleaseScriptCaches (0ms)
			RebuildScriptCaches (36ms)
			SetupLoadedEditorAssemblies (261ms)
				LogAssemblyErrors (0ms)
				InitializePlatformSupportModulesInManaged (3ms)
				SetLoadedEditorAssemblies (0ms)
				RefreshPlugins (46ms)
				BeforeProcessingInitializeOnLoad (69ms)
				ProcessInitializeOnLoadAttributes (134ms)
				ProcessInitializeOnLoadMethodAttributes (4ms)
				AfterProcessingInitializeOnLoad (5ms)
				EditorAssembliesLoaded (0ms)
			ExecutionOrderSort2 (0ms)
			AwakeInstancesAfterBackupRestoration (5ms)
Platform modules already initialized, skipping
========================================================================
Worker process is ready to serve import requests
Launched and connected shader compiler UnityShaderCompiler.exe after 0.03 seconds
Refreshing native plugins compatible for Editor in 0.96 ms, found 2 plugins.
Preloading 0 native plugins for Editor in 0.00 ms.
Unloading 1878 Unused Serialized files (Serialized files now loaded: 0)
System memory in use before: 86.9 MB.
System memory in use after: 87.0 MB.

Unloading 72 unused Assets to reduce memory usage. Loaded Objects now: 2268.
Total: 2.793800 ms (FindLiveObjects: 0.176400 ms CreateObjectMapping: 0.068400 ms MarkObjects: 2.475500 ms  DeleteObjects: 0.072100 ms)

AssetImportParameters requested are different than current active one (requested -> active):
  custom:framework-win-MediaFoundation: 216162199b28c13a410421893ffa2e32 -> 
  custom:video-decoder-ogg-theora: a1e56fd34408186e4bbccfd4996cb3dc -> 
  custom:container-muxer-webm: aa71ff27fc2769a1b78a27578f13a17b -> 
  custom:container-demuxer-webm: 4f35f7cbe854078d1ac9338744f61a02 -> 
  custom:container-demuxer-ogg: 62fdf1f143b41e24485cea50d1cbac27 -> 
  custom:video-encoder-webm-vp8: eb34c28f22e8b96e1ab97ce403110664 -> 
  custom:video-decoder-webm-vp8: 9c59270c3fd7afecdb556c50c9e8de78 -> 
  custom:audio-decoder-ogg-vorbis: bf7c407c2cedff20999df2af8eb42d56 -> 
  custom:audio-encoder-webm-vorbis: bf7c407c2cedff20999df2af8eb42d56 -> 
========================================================================
Received Import Request.
  path: Assets/tap (1).png
  artifactKey: Guid(c1a1341c44cdf2940b602f85b942ff3f) Importer(815301076,1909f56bfc062723c751e8b465ee728b)
Start importing Assets/tap (1).png using Guid(c1a1341c44cdf2940b602f85b942ff3f) Importer(815301076,1909f56bfc062723c751e8b465ee728b)  -> (artifact id: 'a0c5a322ad1908fc370fcd5793671b1c') in 0.089342 seconds 
  Import took 0.091851 seconds .

========================================================================
Received Import Request.
  Time since last request: 0.000162 seconds.
  path: Assets/Scene.prefab
  artifactKey: Guid(77745589ad6045b46b7b3cda91bb8f93) Importer(815301076,1909f56bfc062723c751e8b465ee728b)
Start importing Assets/Scene.prefab using Guid(77745589ad6045b46b7b3cda91bb8f93) Importer(815301076,1909f56bfc062723c751e8b465ee728b)  -> (artifact id: 'e4679d5c882e7a91e2a7410385e324b8') in 0.498854 seconds 
  Import took 0.502871 seconds .

========================================================================
Received Import Request.
  Time since last request: 16.108049 seconds.
  path: Assets/Scenes
  artifactKey: Guid(f7b66c42ee145314083f073e99178630) Importer(815301076,1909f56bfc062723c751e8b465ee728b)
Start importing Assets/Scenes using Guid(f7b66c42ee145314083f073e99178630) Importer(815301076,1909f56bfc062723c751e8b465ee728b)  -> (artifact id: '51602336e7d2d10a9dda8c438ed1d26b') in 0.025307 seconds 
  Import took 0.027647 seconds .

========================================================================
Received Import Request.
  Time since last request: 1.475458 seconds.
  path: Assets/Scenes/Gameplay.unity
  artifactKey: Guid(6dee59e36084b0d469f915414313ea97) Importer(815301076,1909f56bfc062723c751e8b465ee728b)
Start importing Assets/Scenes/Gameplay.unity using Guid(6dee59e36084b0d469f915414313ea97) Importer(815301076,1909f56bfc062723c751e8b465ee728b)  -> (artifact id: 'cf5433f2cad5e775c48bd2d39175c753') in 0.004901 seconds 
  Import took 0.007201 seconds .

========================================================================
Received Import Request.
  Time since last request: 4.784522 seconds.
  path: Assets/Scenes/LevelConcept.unity
  artifactKey: Guid(795dd2521fb9f7c46a82fd93b533019b) Importer(815301076,1909f56bfc062723c751e8b465ee728b)
Start importing Assets/Scenes/LevelConcept.unity using Guid(795dd2521fb9f7c46a82fd93b533019b) Importer(815301076,1909f56bfc062723c751e8b465ee728b)  -> (artifact id: '17bf16c48aea18ab88cf19d3e705d861') in 0.004390 seconds 
  Import took 0.006873 seconds .

========================================================================
Received Import Request.
  Time since last request: 4.901313 seconds.
  path: Assets/Scenes/LevelConceptDupe.unity
  artifactKey: Guid(ce10edc28ca6ae9408ddb6d419a9f7f3) Importer(815301076,1909f56bfc062723c751e8b465ee728b)
Start importing Assets/Scenes/LevelConceptDupe.unity using Guid(ce10edc28ca6ae9408ddb6d419a9f7f3) Importer(815301076,1909f56bfc062723c751e8b465ee728b)  -> (artifact id: 'c75ac062a7d0ebff8c97ecf0764394a8') in 0.004383 seconds 
  Import took 0.006959 seconds .

========================================================================
Received Import Request.
  Time since last request: 3.371347 seconds.
  path: Assets/Scenes/SampleScene.unity
  artifactKey: Guid(9fc0d4010bbf28b4594072e72b8655ab) Importer(815301076,1909f56bfc062723c751e8b465ee728b)
Start importing Assets/Scenes/SampleScene.unity using Guid(9fc0d4010bbf28b4594072e72b8655ab) Importer(815301076,1909f56bfc062723c751e8b465ee728b)  -> (artifact id: '35ca8f25b715b00cb8f652fdd9ae3ba3') in 0.004344 seconds 
  Import took 0.006727 seconds .

========================================================================
Received Import Request.
  Time since last request: 6.773671 seconds.
  path: Assets/Scenes/LevelConcept.unity
  artifactKey: Guid(795dd2521fb9f7c46a82fd93b533019b) Importer(815301076,1909f56bfc062723c751e8b465ee728b)
Start importing Assets/Scenes/LevelConcept.unity using Guid(795dd2521fb9f7c46a82fd93b533019b) Importer(815301076,1909f56bfc062723c751e8b465ee728b)  -> (artifact id: 'f5f5977d4f046ab36888a6af9a157dd4') in 0.002016 seconds 
  Import took 0.004522 seconds .

========================================================================
Received Import Request.
  Time since last request: 6.470382 seconds.
  path: Assets/Scenes/SampleScene.unity
  artifactKey: Guid(9fc0d4010bbf28b4594072e72b8655ab) Importer(815301076,1909f56bfc062723c751e8b465ee728b)
Start importing Assets/Scenes/SampleScene.unity using Guid(9fc0d4010bbf28b4594072e72b8655ab) Importer(815301076,1909f56bfc062723c751e8b465ee728b)  -> (artifact id: '59a4ad37b30bf22de914f16c419b38bd') in 0.001628 seconds 
  Import took 0.003972 seconds .

========================================================================
Received Import Request.
  Time since last request: 310.754084 seconds.
  path: Assets/PDAv2
  artifactKey: Guid(760182ea41a16bf40943ceecd9e2d2a1) Importer(815301076,1909f56bfc062723c751e8b465ee728b)
Start importing Assets/PDAv2 using Guid(760182ea41a16bf40943ceecd9e2d2a1) Importer(815301076,1909f56bfc062723c751e8b465ee728b)  -> (artifact id: '7dc73cd7c768dda434506f61e1d51bff') in 0.004988 seconds 
  Import took 0.007888 seconds .

========================================================================
Received Import Request.
  Time since last request: 0.062371 seconds.
  path: Assets/PDAv2/PDAv2.fbx
  artifactKey: Guid(2f309355ab7719d468f19f1d4b0504dd) Importer(815301076,1909f56bfc062723c751e8b465ee728b)
Start importing Assets/PDAv2/PDAv2.fbx using Guid(2f309355ab7719d468f19f1d4b0504dd) Importer(815301076,1909f56bfc062723c751e8b465ee728b)  -> (artifact id: '0cf832d642c05575e2f5764ac50e024a') in 0.150450 seconds 
  Import took 0.152953 seconds .

========================================================================
Received Import Request.
  Time since last request: 0.000228 seconds.
  path: Assets/PDAv2/PDAv2.prefab
  artifactKey: Guid(39d8d943ca6022c44be839ce9995c114) Importer(815301076,1909f56bfc062723c751e8b465ee728b)
Start importing Assets/PDAv2/PDAv2.prefab using Guid(39d8d943ca6022c44be839ce9995c114) Importer(815301076,1909f56bfc062723c751e8b465ee728b)  -> (artifact id: '069bbfdc3241b5278573b59c5a04f641') in 0.008846 seconds 
  Import took 0.011501 seconds .

========================================================================
Received Import Request.
  Time since last request: 1.736750 seconds.
  path: Assets/PDAv2/Materials
  artifactKey: Guid(fca7c8866e7543c4ab7c78edde230ec0) Importer(815301076,1909f56bfc062723c751e8b465ee728b)
Start importing Assets/PDAv2/Materials using Guid(fca7c8866e7543c4ab7c78edde230ec0) Importer(815301076,1909f56bfc062723c751e8b465ee728b)  -> (artifact id: 'b38cf0faeb81268053d6fc6529932a63') in 0.004111 seconds 
  Import took 0.006566 seconds .

========================================================================
Received Import Request.
  Time since last request: 0.149172 seconds.
  path: Assets/PDAv2/Materials/Button 1.mat
  artifactKey: Guid(d0b714aa484ba13489d53a5424f05b64) Importer(815301076,1909f56bfc062723c751e8b465ee728b)
Start importing Assets/PDAv2/Materials/Button 1.mat using Guid(d0b714aa484ba13489d53a5424f05b64) Importer(815301076,1909f56bfc062723c751e8b465ee728b)  -> (artifact id: 'c399e8c44b569fa172371c3a65d883ef') in 0.024923 seconds 
  Import took 0.027311 seconds .

========================================================================
Received Import Request.
  Time since last request: 0.000218 seconds.
  path: Assets/PDAv2/Materials/Camera.mat
  artifactKey: Guid(7e04d741d6ab65f4c85e3f8f46368b96) Importer(815301076,1909f56bfc062723c751e8b465ee728b)
Start importing Assets/PDAv2/Materials/Camera.mat using Guid(7e04d741d6ab65f4c85e3f8f46368b96) Importer(815301076,1909f56bfc062723c751e8b465ee728b)  -> (artifact id: 'a54cb93a1c6f19cbe48c77f398ce7026') in 0.008000 seconds 
  Import took 0.010306 seconds .

========================================================================
Received Import Request.
  Time since last request: 0.000222 seconds.
  path: Assets/PDAv2/Materials/Case.mat
  artifactKey: Guid(ad3cc3825c024254a9ae23ff60a45c27) Importer(815301076,1909f56bfc062723c751e8b465ee728b)
Start importing Assets/PDAv2/Materials/Case.mat using Guid(ad3cc3825c024254a9ae23ff60a45c27) Importer(815301076,1909f56bfc062723c751e8b465ee728b)  -> (artifact id: 'a5b786312f012b296583b73366bb7ba3') in 0.008124 seconds 
  Import took 0.010335 seconds .

========================================================================
Received Import Request.
  Time since last request: 0.000214 seconds.
  path: Assets/PDAv2/Materials/Button 2.mat
  artifactKey: Guid(61e29fbcc474fe94e985c740374c89b3) Importer(815301076,1909f56bfc062723c751e8b465ee728b)
Start importing Assets/PDAv2/Materials/Button 2.mat using Guid(61e29fbcc474fe94e985c740374c89b3) Importer(815301076,1909f56bfc062723c751e8b465ee728b)  -> (artifact id: 'ca59f568d73b743649af54eb15881ba7') in 0.007899 seconds 
  Import took 0.010108 seconds .

========================================================================
Received Import Request.
  Time since last request: 0.000218 seconds.
  path: Assets/PDAv2/Materials/Screen.mat
  artifactKey: Guid(6cbc2b73782aaaf47852b096efabd758) Importer(815301076,1909f56bfc062723c751e8b465ee728b)
Start importing Assets/PDAv2/Materials/Screen.mat using Guid(6cbc2b73782aaaf47852b096efabd758) Importer(815301076,1909f56bfc062723c751e8b465ee728b)  -> (artifact id: '14c158f1c6c32847880099a4043ca2af') in 0.008113 seconds 
  Import took 0.010384 seconds .

========================================================================
Received Import Request.
  Time since last request: 0.000206 seconds.
  path: Assets/PDAv2/Materials/Button.mat
  artifactKey: Guid(2e2929e364f03a4439d1cdc36d28f1da) Importer(815301076,1909f56bfc062723c751e8b465ee728b)
Start importing Assets/PDAv2/Materials/Button.mat using Guid(2e2929e364f03a4439d1cdc36d28f1da) Importer(815301076,1909f56bfc062723c751e8b465ee728b)  -> (artifact id: '8d3380c934a22424e20f116362e8ad54') in 0.008562 seconds 
  Import took 0.010744 seconds .

========================================================================
Received Prepare
Registering precompiled user dll's ...
Registered in 0.005237 seconds.
Begin MonoManager ReloadAssembly
Native extension for WindowsStandalone target not found
Native extension for OSXStandalone target not found
Refreshing native plugins compatible for Editor in 0.83 ms, found 2 plugins.
Preloading 0 native plugins for Editor in 0.00 ms.
Mono: successfully reloaded assembly
- Completed reload, in  1.141 seconds
Domain Reload Profiling:
	ReloadAssembly (1141ms)
		BeginReloadAssembly (107ms)
			ExecutionOrderSort (0ms)
			DisableScriptedObjects (3ms)
			BackupInstance (0ms)
			ReleaseScriptingObjects (0ms)
			CreateAndSetChildDomain (37ms)
		EndReloadAssembly (965ms)
			LoadAssemblies (104ms)
			RebuildTransferFunctionScriptingTraits (0ms)
			SetupTypeCache (311ms)
			ReleaseScriptCaches (1ms)
			RebuildScriptCaches (37ms)
			SetupLoadedEditorAssemblies (378ms)
				LogAssemblyErrors (0ms)
				InitializePlatformSupportModulesInManaged (5ms)
				SetLoadedEditorAssemblies (0ms)
				RefreshPlugins (1ms)
				BeforeProcessingInitializeOnLoad (93ms)
				ProcessInitializeOnLoadAttributes (269ms)
				ProcessInitializeOnLoadMethodAttributes (3ms)
				AfterProcessingInitializeOnLoad (7ms)
				EditorAssembliesLoaded (0ms)
			ExecutionOrderSort2 (0ms)
			AwakeInstancesAfterBackupRestoration (6ms)
Platform modules already initialized, skipping
Refreshing native plugins compatible for Editor in 0.77 ms, found 2 plugins.
Preloading 0 native plugins for Editor in 0.00 ms.
Unloading 1842 Unused Serialized files (Serialized files now loaded: 0)
System memory in use before: 87.7 MB.
System memory in use after: 87.8 MB.

Unloading 67 unused Assets to reduce memory usage. Loaded Objects now: 2315.
Total: 2.340200 ms (FindLiveObjects: 0.158100 ms CreateObjectMapping: 0.059100 ms MarkObjects: 2.099700 ms  DeleteObjects: 0.022400 ms)

AssetImportParameters requested are different than current active one (requested -> active):
  custom:framework-win-MediaFoundation: 216162199b28c13a410421893ffa2e32 -> 
  custom:video-decoder-ogg-theora: a1e56fd34408186e4bbccfd4996cb3dc -> 
  custom:container-muxer-webm: aa71ff27fc2769a1b78a27578f13a17b -> 
  custom:container-demuxer-webm: 4f35f7cbe854078d1ac9338744f61a02 -> 
  custom:container-demuxer-ogg: 62fdf1f143b41e24485cea50d1cbac27 -> 
  custom:video-encoder-webm-vp8: eb34c28f22e8b96e1ab97ce403110664 -> 
  custom:video-decoder-webm-vp8: 9c59270c3fd7afecdb556c50c9e8de78 -> 
  custom:audio-decoder-ogg-vorbis: bf7c407c2cedff20999df2af8eb42d56 -> 
  custom:audio-encoder-webm-vorbis: bf7c407c2cedff20999df2af8eb42d56 -> 
========================================================================
Received Import Request.
  Time since last request: 349.686209 seconds.
  path: Assets/Animations/Phone On.anim
  artifactKey: Guid(3789738fb39e6c844a184893b9f77909) Importer(815301076,1909f56bfc062723c751e8b465ee728b)
Start importing Assets/Animations/Phone On.anim using Guid(3789738fb39e6c844a184893b9f77909) Importer(815301076,1909f56bfc062723c751e8b465ee728b)  -> (artifact id: 'cba5f5f79078b83cbc4ad59ecfe087b3') in 0.014065 seconds 
  Import took 0.016612 seconds .

========================================================================
Received Import Request.
  Time since last request: 52.683294 seconds.
  path: Assets/Animations/Phone Off.anim
  artifactKey: Guid(6cdeee82ca1a77545849b1494e916ed3) Importer(815301076,1909f56bfc062723c751e8b465ee728b)
Start importing Assets/Animations/Phone Off.anim using Guid(6cdeee82ca1a77545849b1494e916ed3) Importer(815301076,1909f56bfc062723c751e8b465ee728b)  -> (artifact id: '4f4fd45104326b51c2d0d99913261673') in 0.005816 seconds 
  Import took 0.008178 seconds .

========================================================================
Received Import Request.
  Time since last request: 97.677201 seconds.
  path: Assets/Animations/Cube.controller
  artifactKey: Guid(a7f7525a6c7ff7f45b0e981e310b36df) Importer(815301076,1909f56bfc062723c751e8b465ee728b)
Start importing Assets/Animations/Cube.controller using Guid(a7f7525a6c7ff7f45b0e981e310b36df) Importer(815301076,1909f56bfc062723c751e8b465ee728b)  -> (artifact id: 'bbd90685740d7bac4c5a3f2f3509928c') in 0.007555 seconds 
  Import took 0.010070 seconds .

========================================================================
Received Prepare
Registering precompiled user dll's ...
Registered in 0.004958 seconds.
Begin MonoManager ReloadAssembly
Native extension for WindowsStandalone target not found
Native extension for OSXStandalone target not found
Refreshing native plugins compatible for Editor in 0.73 ms, found 2 plugins.
Preloading 0 native plugins for Editor in 0.00 ms.
Mono: successfully reloaded assembly
- Completed reload, in  0.791 seconds
Domain Reload Profiling:
	ReloadAssembly (792ms)
		BeginReloadAssembly (85ms)
			ExecutionOrderSort (0ms)
			DisableScriptedObjects (3ms)
			BackupInstance (0ms)
			ReleaseScriptingObjects (0ms)
			CreateAndSetChildDomain (28ms)
		EndReloadAssembly (659ms)
			LoadAssemblies (69ms)
			RebuildTransferFunctionScriptingTraits (0ms)
			SetupTypeCache (217ms)
			ReleaseScriptCaches (1ms)
			RebuildScriptCaches (30ms)
			SetupLoadedEditorAssemblies (265ms)
				LogAssemblyErrors (0ms)
				InitializePlatformSupportModulesInManaged (5ms)
				SetLoadedEditorAssemblies (0ms)
				RefreshPlugins (1ms)
				BeforeProcessingInitializeOnLoad (75ms)
				ProcessInitializeOnLoadAttributes (175ms)
				ProcessInitializeOnLoadMethodAttributes (3ms)
				AfterProcessingInitializeOnLoad (5ms)
				EditorAssembliesLoaded (0ms)
			ExecutionOrderSort2 (0ms)
			AwakeInstancesAfterBackupRestoration (5ms)
Platform modules already initialized, skipping
Refreshing native plugins compatible for Editor in 0.78 ms, found 2 plugins.
Preloading 0 native plugins for Editor in 0.00 ms.
Unloading 1842 Unused Serialized files (Serialized files now loaded: 0)
System memory in use before: 87.7 MB.
System memory in use after: 87.9 MB.

Unloading 67 unused Assets to reduce memory usage. Loaded Objects now: 2317.
Total: 2.570000 ms (FindLiveObjects: 0.161400 ms CreateObjectMapping: 0.057200 ms MarkObjects: 2.325500 ms  DeleteObjects: 0.024800 ms)

AssetImportParameters requested are different than current active one (requested -> active):
  custom:framework-win-MediaFoundation: 216162199b28c13a410421893ffa2e32 -> 
  custom:video-decoder-ogg-theora: a1e56fd34408186e4bbccfd4996cb3dc -> 
  custom:container-muxer-webm: aa71ff27fc2769a1b78a27578f13a17b -> 
  custom:container-demuxer-webm: 4f35f7cbe854078d1ac9338744f61a02 -> 
  custom:container-demuxer-ogg: 62fdf1f143b41e24485cea50d1cbac27 -> 
  custom:video-encoder-webm-vp8: eb34c28f22e8b96e1ab97ce403110664 -> 
  custom:video-decoder-webm-vp8: 9c59270c3fd7afecdb556c50c9e8de78 -> 
  custom:audio-decoder-ogg-vorbis: bf7c407c2cedff20999df2af8eb42d56 -> 
  custom:audio-encoder-webm-vorbis: bf7c407c2cedff20999df2af8eb42d56 -> 
========================================================================
Received Import Request.
  Time since last request: 294.071662 seconds.
  path: Assets/PDAv2/Materials/Case.mat
  artifactKey: Guid(ad3cc3825c024254a9ae23ff60a45c27) Importer(815301076,1909f56bfc062723c751e8b465ee728b)
Start importing Assets/PDAv2/Materials/Case.mat using Guid(ad3cc3825c024254a9ae23ff60a45c27) Importer(815301076,1909f56bfc062723c751e8b465ee728b)  -> (artifact id: '99bb72bee2c3dd126cce7f2dcb73b6ec') in 0.044354 seconds 
  Import took 0.046886 seconds .

========================================================================
Received Import Request.
  Time since last request: 0.000245 seconds.
  path: Assets/PDAv2/Materials/Screen.mat
  artifactKey: Guid(6cbc2b73782aaaf47852b096efabd758) Importer(815301076,1909f56bfc062723c751e8b465ee728b)
Start importing Assets/PDAv2/Materials/Screen.mat using Guid(6cbc2b73782aaaf47852b096efabd758) Importer(815301076,1909f56bfc062723c751e8b465ee728b)  -> (artifact id: '325ba6a50d626d8518a402e86d6052e8') in 0.008334 seconds 
  Import took 0.010567 seconds .

========================================================================
Received Prepare
Registering precompiled user dll's ...
Registered in 0.004997 seconds.
Begin MonoManager ReloadAssembly
Native extension for WindowsStandalone target not found
Native extension for OSXStandalone target not found
Refreshing native plugins compatible for Editor in 0.74 ms, found 2 plugins.
Preloading 0 native plugins for Editor in 0.00 ms.
Mono: successfully reloaded assembly
- Completed reload, in  0.793 seconds
Domain Reload Profiling:
	ReloadAssembly (793ms)
		BeginReloadAssembly (87ms)
			ExecutionOrderSort (0ms)
			DisableScriptedObjects (4ms)
			BackupInstance (0ms)
			ReleaseScriptingObjects (0ms)
			CreateAndSetChildDomain (27ms)
		EndReloadAssembly (657ms)
			LoadAssemblies (72ms)
			RebuildTransferFunctionScriptingTraits (0ms)
			SetupTypeCache (216ms)
			ReleaseScriptCaches (1ms)
			RebuildScriptCaches (31ms)
			SetupLoadedEditorAssemblies (260ms)
				LogAssemblyErrors (0ms)
				InitializePlatformSupportModulesInManaged (4ms)
				SetLoadedEditorAssemblies (0ms)
				RefreshPlugins (1ms)
				BeforeProcessingInitializeOnLoad (75ms)
				ProcessInitializeOnLoadAttributes (171ms)
				ProcessInitializeOnLoadMethodAttributes (3ms)
				AfterProcessingInitializeOnLoad (5ms)
				EditorAssembliesLoaded (0ms)
			ExecutionOrderSort2 (0ms)
			AwakeInstancesAfterBackupRestoration (5ms)
Platform modules already initialized, skipping
Refreshing native plugins compatible for Editor in 0.75 ms, found 2 plugins.
Preloading 0 native plugins for Editor in 0.00 ms.
Unloading 1842 Unused Serialized files (Serialized files now loaded: 0)
System memory in use before: 87.8 MB.
System memory in use after: 87.9 MB.

Unloading 67 unused Assets to reduce memory usage. Loaded Objects now: 2320.
Total: 2.281100 ms (FindLiveObjects: 0.140300 ms CreateObjectMapping: 0.051400 ms MarkObjects: 2.067100 ms  DeleteObjects: 0.021500 ms)

AssetImportParameters requested are different than current active one (requested -> active):
  custom:framework-win-MediaFoundation: 216162199b28c13a410421893ffa2e32 -> 
  custom:video-decoder-ogg-theora: a1e56fd34408186e4bbccfd4996cb3dc -> 
  custom:container-muxer-webm: aa71ff27fc2769a1b78a27578f13a17b -> 
  custom:container-demuxer-webm: 4f35f7cbe854078d1ac9338744f61a02 -> 
  custom:container-demuxer-ogg: 62fdf1f143b41e24485cea50d1cbac27 -> 
  custom:video-encoder-webm-vp8: eb34c28f22e8b96e1ab97ce403110664 -> 
  custom:video-decoder-webm-vp8: 9c59270c3fd7afecdb556c50c9e8de78 -> 
  custom:audio-decoder-ogg-vorbis: bf7c407c2cedff20999df2af8eb42d56 -> 
  custom:audio-encoder-webm-vorbis: bf7c407c2cedff20999df2af8eb42d56 -> 
========================================================================
Received Import Request.
  Time since last request: 60.743882 seconds.
  path: Assets/PDAv2/Materials/Button 1.mat
  artifactKey: Guid(d0b714aa484ba13489d53a5424f05b64) Importer(815301076,1909f56bfc062723c751e8b465ee728b)
Start importing Assets/PDAv2/Materials/Button 1.mat using Guid(d0b714aa484ba13489d53a5424f05b64) Importer(815301076,1909f56bfc062723c751e8b465ee728b)  -> (artifact id: '78218c83d97f66eb5c669e848170e735') in 0.050293 seconds 
  Import took 0.052840 seconds .

========================================================================
Received Import Request.
  Time since last request: 0.000240 seconds.
  path: Assets/PDAv2/Materials/Button 2.mat
  artifactKey: Guid(61e29fbcc474fe94e985c740374c89b3) Importer(815301076,1909f56bfc062723c751e8b465ee728b)
Start importing Assets/PDAv2/Materials/Button 2.mat using Guid(61e29fbcc474fe94e985c740374c89b3) Importer(815301076,1909f56bfc062723c751e8b465ee728b)  -> (artifact id: '12e463911f1e546e93a0e63c50809dfa') in 0.008832 seconds 
  Import took 0.011214 seconds .

========================================================================
Received Import Request.
  Time since last request: 0.000178 seconds.
  path: Assets/PDAv2/Materials/Button.mat
  artifactKey: Guid(2e2929e364f03a4439d1cdc36d28f1da) Importer(815301076,1909f56bfc062723c751e8b465ee728b)
Start importing Assets/PDAv2/Materials/Button.mat using Guid(2e2929e364f03a4439d1cdc36d28f1da) Importer(815301076,1909f56bfc062723c751e8b465ee728b)  -> (artifact id: 'acc62d9b8f9384eaa3b9661b34b1a708') in 0.018817 seconds 
  Import took 0.021086 seconds .

AssetImportWorkerClient::OnTransportError - code=2 error=End of file
